2023-05-13 21:57:33 INFO  Log:17 - *****************************
2023-05-13 21:57:33 INFO  Log:18 - *****************************
2023-05-13 21:57:33 INFO  Log:19 - ********This is the beginning of my Test case**********
2023-05-13 21:57:33 INFO  Log:32 - My test case is executing right now
2023-05-13 21:57:33 INFO  Log:37 - My test case might have some trivial issues
2023-05-13 21:58:01 INFO  Log:32 - This test case is about to get completed
2023-05-13 21:58:01 INFO  Log:25 - ######################################
2023-05-13 21:58:01 INFO  Log:26 - ######################################
2023-05-13 21:58:01 INFO  Log:27 - #################This test case is finished#####################
2023-05-13 22:09:46 INFO  Log:17 - *****************************
2023-05-13 22:09:46 INFO  Log:18 - *****************************
2023-05-13 22:09:46 INFO  Log:19 - ********This is the beginning of my Test case**********
2023-05-13 22:09:46 INFO  Log:32 - My test case is executing right now
2023-05-13 22:09:46 INFO  Log:37 - My test case might have some trivial issues
2023-05-13 22:10:01 INFO  Log:32 - This test case is about to get completed
2023-05-13 22:10:02 INFO  Log:25 - ######################################
2023-05-13 22:10:02 INFO  Log:26 - ######################################
2023-05-13 22:10:02 INFO  Log:27 - #################This test case is finished#####################
2023-05-29 10:45:30 INFO  Log:17 - *****************************
2023-05-29 10:45:30 INFO  Log:18 - *****************************
2023-05-29 10:45:30 INFO  Log:19 - ********This is the beginning of my Test case**********
2023-05-29 10:45:30 INFO  Log:32 - My test case is executing right now
2023-05-29 10:45:30 INFO  Log:37 - My test case might have some trivial issues
2023-05-29 10:45:43 INFO  Log:32 - This test case is about to get completed
2023-05-29 10:45:43 INFO  Log:25 - ######################################
2023-05-29 10:45:43 INFO  Log:26 - ######################################
2023-05-29 10:45:43 INFO  Log:27 - #################This test case is finished#####################
2023-05-31 18:29:51 INFO  Log:17 - *****************************
2023-05-31 18:29:51 INFO  Log:18 - *****************************
2023-05-31 18:29:51 INFO  Log:19 - ********This is the beginning of my Test case**********
2023-05-31 18:29:51 INFO  Log:32 - My test case is executing right now
2023-05-31 18:29:51 INFO  Log:37 - My test case might have some trivial issues
2023-05-31 18:29:59 INFO  Log:32 - This test case is about to get completed
2023-05-31 18:29:59 INFO  Log:25 - ######################################
2023-05-31 18:29:59 INFO  Log:26 - ######################################
2023-05-31 18:29:59 INFO  Log:27 - #################This test case is finished#####################
